[    0.000000] Initializing cgroup subsys cpuset
[    0.000000] Initializing cgroup subsys cpu
[    0.000000] Initializing cgroup subsys cpuacct
[    0.000000] Linux version 4.4.0-96-generic (buildd@lgw01-10) (gcc version 5.4.0 20160609 (Ubuntu 5.4.0-6ubuntu1~16.04.4) ) #119-Ubuntu SMP Tue Sep 12 14:59:54 UTC 2017 (Ubuntu 4.4.0-96.119-generic 4.4.83)
[    0.000000] Command line: BOOT_IMAGE=/boot/vmlinuz-4.4.0-96-generic root=LABEL=cloudimg-rootfs ro console=tty1 console=ttyS0
[    0.000000] KERNEL supported cpus:
[    0.000000]   Intel GenuineIntel
[    0.000000]   AMD AuthenticAMD
[    0.000000]   Centaur CentaurHauls
[    0.000000] x86/fpu: xstate_offset[2]:  576, xstate_sizes[2]:  256
[    0.000000] x86/fpu: Supporting XSAVE feature 0x01: 'x87 floating point registers'
[    0.000000] x86/fpu: Supporting XSAVE feature 0x02: 'SSE registers'
[    0.000000] x86/fpu: Supporting XSAVE feature 0x04: 'AVX registers'
[    0.000000] x86/fpu: Enabled xstate features 0x7, context size is 832 bytes, using 'standard' format.
[    0.000000] x86/fpu: Using 'lazy' FPU context switches.
[    0.000000] e820: BIOS-provided physical RAM map:
[    0.000000] BIOS-e820: [mem 0x0000000000000000-0x000000000009fbff] usable
[    0.000000] BIOS-e820: [mem 0x000000000009fc00-0x000000000009ffff] reserved
[    0.000000] BIOS-e820: [mem 0x00000000000f0000-0x00000000000fffff] reserved
[    0.000000] BIOS-e820: [mem 0x0000000000100000-0x000000003ffeffff] usable
[    0.000000] BIOS-e820: [mem 0x000000003fff0000-0x000000003fffffff] ACPI data
[    0.000000] BIOS-e820: [mem 0x00000000fec00000-0x00000000fec00fff] reserved
[    0.000000] BIOS-e820: [mem 0x00000000fee00000-0x00000000fee00fff] reserved
[    0.000000] BIOS-e820: [mem 0x00000000fffc0000-0x00000000ffffffff] reserved
[    0.000000] NX (Execute Disable) protection: active
[    0.000000] SMBIOS 2.5 present.
[    0.000000] Hypervisor detected: KVM
[    0.000000] e820: last_pfn = 0x3fff0 max_arch_pfn = 0x400000000
[    0.000000] MTRR: Disabled
[    0.000000] x86/PAT: MTRRs disabled, skipping PAT initialization too.
[    0.000000] CPU MTRRs all blank - virtualized system.
[    0.000000] x86/PAT: Configuration [0-7]: WB  WT  UC- UC  WB  WT  UC- UC  
[    0.000000] found SMP MP-table at [mem 0x0009fff0-0x0009ffff] mapped at [ffff88000009fff0]
[    0.000000] Scanning 1 areas for low memory corruption
[    0.000000] RAMDISK: [mem 0x36ae6000-0x3756afff]
[    0.000000] ACPI: Early table checksum verification disabled
[    0.000000] ACPI: RSDP 0x00000000000E0000 000024 (v02 VBOX  )
[    0.000000] ACPI: XSDT 0x000000003FFF0030 00003C (v01 VBOX   VBOXXSDT 00000001 ASL  00000061)
[    0.000000] ACPI: FACP 0x000000003FFF00F0 0000F4 (v04 VBOX   VBOXFACP 00000001 ASL  00000061)
[    0.000000] ACPI: DSDT 0x000000003FFF0470 0021FF (v02 VBOX   VBOXBIOS 00000002 INTL 20100528)
[    0.000000] ACPI: FACS 0x000000003FFF0200 000040
[    0.000000] ACPI: FACS 0x000000003FFF0200 000040
[    0.000000] ACPI: APIC 0x000000003FFF0240 00005C (v02 VBOX   VBOXAPIC 00000001 ASL  00000061)
[    0.000000] ACPI: SSDT 0x000000003FFF02A0 0001CC (v01 VBOX   VBOXCPUT 00000002 INTL 20100528)
[    0.000000] No NUMA configuration found
[    0.000000] Faking a node at [mem 0x0000000000000000-0x000000003ffeffff]
[    0.000000] NODE_DATA(0) allocated [mem 0x3ffeb000-0x3ffeffff]
[    0.000000] kvm-clock: Using msrs 4b564d01 and 4b564d00
[    0.000000] kvm-clock: cpu 0, msr 0:3ffe3001, primary cpu clock
[    0.000000] kvm-clock: using sched offset of 3464309918 cycles
[    0.000000] clocksource: kvm-clock: mask: 0xffffffffffffffff max_cycles: 0x1cd42e4dffb, max_idle_ns: 881590591483 ns
[    0.000000] Zone ranges:
[    0.000000]   DMA      [mem 0x0000000000001000-0x0000000000ffffff]
[    0.000000]   DMA32    [mem 0x0000000001000000-0x000000003ffeffff]
[    0.000000]   Normal   empty
[    0.000000]   Device   empty
[    0.000000] Movable zone start for each node
[    0.000000] Early memory node ranges
[    0.000000]   node   0: [mem 0x0000000000001000-0x000000000009efff]
[    0.000000]   node   0: [mem 0x0000000000100000-0x000000003ffeffff]
[    0.000000] Initmem setup node 0 [mem 0x0000000000001000-0x000000003ffeffff]
[    0.000000] ACPI: PM-Timer IO Port: 0x4008
[    0.000000] IOAPIC[0]: apic_id 2, version 32, address 0xfec00000, GSI 0-23
[    0.000000] ACPI: INT_SRC_OVR (bus 0 bus_irq 0 global_irq 2 dfl dfl)
[    0.000000] ACPI: INT_SRC_OVR (bus 0 bus_irq 9 global_irq 9 high level)
[    0.000000] Using ACPI (MADT) for SMP configuration information
[    0.000000] smpboot: Allowing 2 CPUs, 0 hotplug CPUs
[    0.000000] PM: Registered nosave memory: [mem 0x00000000-0x00000fff]
[    0.000000] PM: Registered nosave memory: [mem 0x0009f000-0x0009ffff]
[    0.000000] PM: Registered nosave memory: [mem 0x000a0000-0x000effff]
[    0.000000] PM: Registered nosave memory: [mem 0x000f0000-0x000fffff]
[    0.000000] e820: [mem 0x40000000-0xfebfffff] available for PCI devices
[    0.000000] Booting paravirtualized kernel on KVM
[    0.000000] clocksource: refined-jiffies: mask: 0xffffffff max_cycles: 0xffffffff, max_idle_ns: 7645519600211568 ns
[    0.000000] setup_percpu: NR_CPUS:512 nr_cpumask_bits:512 nr_cpu_ids:2 nr_node_ids:1
[    0.000000] PERCPU: Embedded 34 pages/cpu @ffff88003fc00000 s98328 r8192 d32744 u1048576
[    0.000000] PV qspinlock hash table entries: 256 (order: 0, 4096 bytes)
[    0.000000] Built 1 zonelists in Node order, mobility grouping on.  Total pages: 257913
[    0.000000] Policy zone: DMA32
[    0.000000] Kernel command line: BOOT_IMAGE=/boot/vmlinuz-4.4.0-96-generic root=LABEL=cloudimg-rootfs ro console=tty1 console=ttyS0
[    0.000000] PID hash table entries: 4096 (order: 3, 32768 bytes)
[    0.000000] Memory: 1001792K/1048120K available (8479K kernel code, 1294K rwdata, 3984K rodata, 1492K init, 1316K bss, 46328K reserved, 0K cma-reserved)
[    0.000000] SLUB: HWalign=64, Order=0-3, MinObjects=0, CPUs=2, Nodes=1
[    0.000000] Hierarchical RCU implementation.
[    0.000000] 	Build-time adjustment of leaf fanout to 64.
[    0.000000] 	RCU restricting CPUs from NR_CPUS=512 to nr_cpu_ids=2.
[    0.000000] RCU: Adjusting geometry for rcu_fanout_leaf=64, nr_cpu_ids=2
[    0.000000] NR_IRQS:33024 nr_irqs:440 16
[    0.000000] Console: colour VGA+ 80x25
[    0.000000] console [tty1] enabled
[    0.000000] console [ttyS0] enabled
[    0.000000] tsc: Detected 2294.790 MHz processor
[    3.076365] Calibrating delay loop (skipped) preset value.. 4589.58 BogoMIPS (lpj=9179160)
[    3.094664] pid_max: default: 32768 minimum: 301
[    3.177349] ACPI: Core revision 20150930
[    3.206579] ACPI: 2 ACPI AML tables successfully acquired and loaded
[    3.213778] Security Framework initialized
[    3.237284] Yama: becoming mindful.
[    3.253198] AppArmor: AppArmor initialized
[    3.319579] Dentry cache hash table entries: 131072 (order: 8, 1048576 bytes)
[    3.321084] Inode-cache hash table entries: 65536 (order: 7, 524288 bytes)
[    3.346291] Mount-cache hash table entries: 2048 (order: 2, 16384 bytes)
[    3.379599] Mountpoint-cache hash table entries: 2048 (order: 2, 16384 bytes)
[    3.381034] Initializing cgroup subsys io
[    3.387907] Initializing cgroup subsys memory
[    3.425058] Initializing cgroup subsys devices
[    3.435442] Initializing cgroup subsys freezer
[    3.461195] Initializing cgroup subsys net_cls
[    3.524758] Initializing cgroup subsys perf_event
[    3.535709] Initializing cgroup subsys net_prio
[    3.569572] Initializing cgroup subsys hugetlb
[    3.630700] Initializing cgroup subsys pids
[    3.704871] CPU: Physical Processor ID: 0
[    3.763379] CPU: Processor Core ID: 0
[    3.800318] mce: CPU supports 0 MCE banks
[    3.849860] Last level iTLB entries: 4KB 512, 2MB 8, 4MB 8
[    3.868261] Last level dTLB entries: 4KB 512, 2MB 32, 4MB 32, 1GB 0
[    3.906066] Freeing SMP alternatives memory: 32K
[    3.984294] ftrace: allocating 32146 entries in 126 pages
[    4.174744] smpboot: APIC(0) Converting physical 0 to logical package 0
[    4.243066] smpboot: Max logical packages: 1
[    4.244274] x2apic enabled
[    4.287848] Switched APIC routing to physical x2apic.
[    4.404474] ..TIMER: vector=0x30 apic1=0 pin1=2 apic2=-1 pin2=-1
[    4.567514] smpboot: CPU0: Intel(R) Core(TM) i7-3610QM CPU @ 2.30GHz (family: 0x6, model: 0x3a, stepping: 0x9)
[    4.771028] Performance Events: unsupported p6 CPU model 58 no PMU driver, software events only.
[    4.772940] KVM setup paravirtual spinlock
[    4.774479] x86: Booting SMP configuration:
[    4.775348] .... node  #0, CPUs:      #1
[    4.869506] kvm-clock: cpu 1, msr 0:3ffe3041, secondary cpu clock
[    4.870692] mce: CPU supports 0 MCE banks
[    4.949755] x86: Booted up 1 node, 2 CPUs
[    4.999753] smpboot: Total of 2 processors activated (9179.16 BogoMIPS)
[    5.097792] devtmpfs: initialized
[    5.142164] evm: security.selinux
[    5.182534] evm: security.SMACK64
[    5.222281] evm: security.SMACK64EXEC
[    5.245888] evm: security.SMACK64TRANSMUTE
[    5.294403] evm: security.SMACK64MMAP
[    5.346731] evm: security.ima
[    5.392411] evm: security.capability
[    5.399471] clocksource: jiffies: mask: 0xffffffff max_cycles: 0xffffffff, max_idle_ns: 7645041785100000 ns
[    5.459732] futex hash table entries: 512 (order: 3, 32768 bytes)
[    5.461080] pinctrl core: initialized pinctrl subsystem
[    5.462225] RTC time:  9:40:07, date: 10/10/17
[    5.464437] NET: Registered protocol family 16
[    5.583715] cpuidle: using governor ladder
[    5.672079] cpuidle: using governor menu
[    5.678786] PCCT header not found.
[    5.720933] ACPI: bus type PCI registered
[    5.750373] acpiphp: ACPI Hot Plug PCI Controller Driver version: 0.5
[    5.751723] PCI: Using configuration type 1 for base access
[    5.773906] ACPI: Added _OSI(Module Device)
[    5.863887] ACPI: Added _OSI(Processor Device)
[    5.876979] ACPI: Added _OSI(3.0 _SCP Extensions)
[    5.905293] ACPI: Added _OSI(Processor Aggregator Device)
[    5.996773] ACPI: Executed 1 blocks of module-level executable AML code
[    6.136457] ACPI: Interpreter enabled
[    6.184323] ACPI: (supports S0 S5)
[    6.185079] ACPI: Using IOAPIC for interrupt routing
[    6.256619] PCI: Using host bridge windows from ACPI; if necessary, use "pci=nocrs" and report a bug
[    6.327451] ACPI: PCI Root Bridge [PCI0] (domain 0000 [bus 00-ff])
[    6.415349] acpi PNP0A03:00: _OSC: OS supports [ASPM ClockPM Segments MSI]
[    6.475575] acpi PNP0A03:00: _OSC: not requesting OS control; OS requires [ExtendedConfig ASPM ClockPM MSI]
[    6.746375] acpi PNP0A03:00: fail to add MMCONFIG information, can't access extended PCI configuration space under this bridge.
[    6.915374] PCI host bridge to bus 0000:00
[    6.995629] pci_bus 0000:00: root bus resource [io  0x0000-0x0cf7 window]
[    7.100063] pci_bus 0000:00: root bus resource [io  0x0d00-0xffff window]
[    7.101303] pci_bus 0000:00: root bus resource [mem 0x000a0000-0x000bffff window]
[    7.304173] pci_bus 0000:00: root bus resource [mem 0x40000000-0xffdfffff window]
[    7.398945] pci_bus 0000:00: root bus resource [bus 00-ff]
[    7.419431] pci 0000:00:01.1: legacy IDE quirk: reg 0x10: [io  0x01f0-0x01f7]
[    7.545123] pci 0000:00:01.1: legacy IDE quirk: reg 0x14: [io  0x03f6]
[    7.736220] pci 0000:00:01.1: legacy IDE quirk: reg 0x18: [io  0x0170-0x0177]
[    7.921374] pci 0000:00:01.1: legacy IDE quirk: reg 0x1c: [io  0x0376]
[    8.103494] pci 0000:00:07.0: quirk: [io  0x4000-0x403f] claimed by PIIX4 ACPI
[    8.223566] pci 0000:00:07.0: quirk: [io  0x4100-0x410f] claimed by PIIX4 SMB
[    8.247435] ACPI: PCI Interrupt Link [LNKA] (IRQs 5 9 10 *11)
[    8.400932] ACPI: PCI Interrupt Link [LNKB] (IRQs 5 9 10 *11)
[    8.446143] ACPI: PCI Interrupt Link [LNKC] (IRQs 5 9 *10 11)
[    8.504706] ACPI: PCI Interrupt Link [LNKD] (IRQs 5 *9 10 11)
[    8.644909] ACPI: Enabled 2 GPEs in block 00 to 07
[    8.752825] vgaarb: setting as boot device: PCI:0000:00:02.0
[    8.869709] vgaarb: device added: PCI:0000:00:02.0,decodes=io+mem,owns=io+mem,locks=none
[    8.930450] vgaarb: loaded
[    8.931101] vgaarb: bridge control possible 0000:00:02.0
[    8.942970] SCSI subsystem initialized
[    8.943904] ACPI: bus type USB registered
[    8.958210] usbcore: registered new interface driver usbfs
[    9.087404] usbcore: registered new interface driver hub
[    9.199969] usbcore: registered new device driver usb
[    9.260017] PCI: Using ACPI for IRQ routing
[    9.320437] NetLabel: Initializing
[    9.321189] NetLabel:  domain hash size = 128
[    9.401027] NetLabel:  protocols = UNLABELED CIPSOv4
[    9.409479] NetLabel:  unlabeled traffic allowed by default
[    9.419605] amd_nb: Cannot enumerate AMD northbridges
[    9.484531] clocksource: Switched to clocksource kvm-clock
[    9.494045] AppArmor: AppArmor Filesystem Enabled
[    9.524615] pnp: PnP ACPI init
[    9.610933] pnp: PnP ACPI: found 3 devices
[    9.724873] clocksource: acpi_pm: mask: 0xffffff max_cycles: 0xffffff, max_idle_ns: 2085701024 ns
[    9.997325] NET: Registered protocol family 2
[   10.008882] TCP established hash table entries: 8192 (order: 4, 65536 bytes)
[   10.134217] TCP bind hash table entries: 8192 (order: 5, 131072 bytes)
[   10.195833] TCP: Hash tables configured (established 8192 bind 8192)
[   10.250086] UDP hash table entries: 512 (order: 2, 16384 bytes)
[   10.310878] UDP-Lite hash table entries: 512 (order: 2, 16384 bytes)
[   10.369983] NET: Registered protocol family 1
[   10.370951] pci 0000:00:00.0: Limiting direct PCI/PCI transfers
[   10.391142] pci 0000:00:01.0: Activating ISA DMA hang workarounds
[   10.393657] Unpacking initramfs...
[   12.208694] Freeing initrd memory: 10772K
[   12.229698] RAPL PMU detected, API unit is 2^-32 Joules, 3 fixed counters 10737418240 ms ovfl timer
[   12.304384] hw unit of domain pp0-core 2^-0 Joules
[   12.305370] hw unit of domain package 2^-0 Joules
[   12.306311] hw unit of domain pp1-gpu 2^-0 Joules
[   12.307328] platform rtc_cmos: registered platform RTC device (no PNP device found)
[   12.403787] Scanning for low memory corruption every 60 seconds
[   12.405345] audit: initializing netlink subsys (disabled)
[   12.415026] audit: type=2000 audit(1507628410.724:1): initialized
[   12.434904] Initialise system trusted keyring
[   12.436013] HugeTLB registered 2 MB page size, pre-allocated 0 pages
[   12.450458] zbud: loaded
[   12.505817] VFS: Disk quotas dquot_6.6.0
[   12.613572] VFS: Dquot-cache hash table entries: 512 (order 0, 4096 bytes)
[   12.676536] squashfs: version 4.0 (2009/01/31) Phillip Lougher
[   12.679169] fuse init (API version 7.23)
[   12.681757] Key type big_key registered
[   12.685554] Allocating IMA MOK and blacklist keyrings.
[   12.695886] Key type asymmetric registered
[   12.709595] Asymmetric key parser 'x509' registered
[   12.710688] Block layer SCSI generic (bsg) driver version 0.4 loaded (major 249)
[   12.716744] io scheduler noop registered
[   12.720545] io scheduler deadline registered (default)
[   12.724037] io scheduler cfq registered
[   12.730791] pci_hotplug: PCI Hot Plug PCI Core version: 0.5
[   12.743319] pciehp: PCI Express Hot Plug Controller Driver version: 0.4
[   12.761729] ACPI: AC Adapter [AC] (on-line)
[   12.762746] input: Power Button as /devices/LNXSYSTM:00/LNXPWRBN:00/input/input0
[   12.769863] ACPI: Power Button [PWRF]
[   12.780240] input: Sleep Button as /devices/LNXSYSTM:00/LNXSLPBN:00/input/input1
[   12.781827] ACPI: Sleep Button [SLPF]
[   12.783457] ACPI: Battery Slot [BAT0] (battery present)
[   12.788893] GHES: HEST is not enabled!
[   12.820866] Serial: 8250/16550 driver, 32 ports, IRQ sharing enabled
[   12.843749] 00:02: ttyS0 at I/O 0x3f8 (irq = 4, base_baud = 115200) is a 16550A
[   12.849205] Linux agpgart interface v0.103
[   12.958450] loop: module loaded
[   13.048149] scsi host0: ata_piix
[   13.142277] scsi host1: ata_piix
[   13.200203] ata1: PATA max UDMA/33 cmd 0x1f0 ctl 0x3f6 bmdma 0xd000 irq 14
[   13.201451] ata2: PATA max UDMA/33 cmd 0x170 ctl 0x376 bmdma 0xd008 irq 15
[   13.202801] libphy: Fixed MDIO Bus: probed
[   13.203787] tun: Universal TUN/TAP device driver, 1.6
[   13.210534] tun: (C) 1999-2004 Max Krasnyansky <maxk@qualcomm.com>
[   13.305261] tsc: Refined TSC clocksource calibration: 2293.382 MHz
[   13.305263] clocksource: tsc: mask: 0xffffffffffffffff max_cycles: 0x210ec958f91, max_idle_ns: 440795203346 ns
[   13.590258] PPP generic driver version 2.4.2
[   13.698061] ehci_hcd: USB 2.0 'Enhanced' Host Controller (EHCI) Driver
[   13.869629] ehci-pci: EHCI PCI platform driver
[   13.994155] ehci-platform: EHCI generic platform driver
[   14.143765] ohci_hcd: USB 1.1 'Open' Host Controller (OHCI) Driver
[   14.225365] ohci-pci: OHCI PCI platform driver
[   14.321176] ohci-platform: OHCI generic platform driver
[   14.465333] uhci_hcd: USB Universal Host Controller Interface driver
[   14.571280] i8042: PNP: PS/2 Controller [PNP0303:PS2K,PNP0f03:PS2M] at 0x60,0x64 irq 1,12
[   14.777977] serio: i8042 KBD port at 0x60,0x64 irq 1
[   14.778954] serio: i8042 AUX port at 0x60,0x64 irq 12
[   14.810004] mousedev: PS/2 mouse device common for all mice
[   14.811403] input: AT Translated Set 2 keyboard as /devices/platform/i8042/serio0/input/input2
[   14.813557] rtc_cmos rtc_cmos: rtc core: registered rtc_cmos as rtc0
[   14.829351] rtc_cmos rtc_cmos: alarms up to one day, 114 bytes nvram
[   14.841198] i2c /dev entries driver
[   14.853143] device-mapper: uevent: version 1.0.3
[   14.863871] device-mapper: ioctl: 4.34.0-ioctl (2015-10-28) initialised: dm-devel@redhat.com
[   14.934339] ledtrig-cpu: registered to indicate activity on CPUs
[   14.936173] NET: Registered protocol family 10
[   15.043584] NET: Registered protocol family 17
[   15.131949] Key type dns_resolver registered
[   15.141992] microcode: CPU0 sig=0x306a9, pf=0x2, revision=0x19
[   15.201324] microcode: CPU1 sig=0x306a9, pf=0x2, revision=0x19
[   15.202575] microcode: Microcode Update Driver: v2.01 <tigran@aivazian.fsnet.co.uk>, Peter Oruba
[   15.219045] registered taskstats version 1
[   15.259798] Loading compiled-in X.509 certificates
[   15.275353] Loaded X.509 cert 'Build time autogenerated kernel key: b1a6ea8776bed2812c00d8a799f968274ef48628'
[   15.287714] zswap: loaded using pool lzo/zbud
[   15.290314] Key type trusted registered
[   15.295515] Key type encrypted registered
[   15.319902] AppArmor: AppArmor sha1 policy hashing enabled
[   15.321007] ima: No TPM chip found, activating TPM-bypass!
[   15.324065] evm: HMAC attrs: 0x1
[   15.389558]   Magic number: 5:860:676
[   15.393200] rtc_cmos rtc_cmos: setting system clock to 2017-10-10 09:40:17 UTC (1507628417)
[   15.465405] BIOS EDD facility v0.16 2004-Jun-25, 0 devices found
[   15.501556] EDD information not available.
[   15.510605] Freeing unused kernel memory: 1492K
[   15.526006] Write protecting the kernel read-only data: 14336k
[   15.529108] Freeing unused kernel memory: 1748K
[   15.572803] Freeing unused kernel memory: 112K
Loading, please [   15.586088] random: systemd-udevd: uninitialized urandom read (16 bytes read, 3 bits of entropy available)
wait...
starting version 229
[   15.586768] random: udevadm: uninitialized urandom read (16 bytes read, 3 bits of entropy available)
[   15.586807] random: udevadm: uninitialized urandom read (16 bytes read, 3 bits of entropy available)
[   15.586960] random: udevadm: uninitialized urandom read (16 bytes read, 3 bits of entropy available)
[   15.587009] random: udevadm: uninitialized urandom read (16 bytes read, 3 bits of entropy available)
[   15.587056] random: udevadm: uninitialized urandom read (16 bytes read, 3 bits of entropy available)
[   15.587107] random: udevadm: uninitialized urandom read (16 bytes read, 3 bits of entropy available)
[   15.587154] random: udevadm: uninitialized urandom read (16 bytes read, 3 bits of entropy available)
[   15.587200] random: udevadm: uninitialized urandom read (16 bytes read, 3 bits of entropy available)
[   15.587245] random: udevadm: uninitialized urandom read (16 bytes read, 3 bits of entropy available)
[   15.837853] e1000: Intel(R) PRO/1000 Network Driver - version 7.3.21-k8-NAPI
[   15.868587] e1000: Copyright (c) 1999-2006 Intel Corporation.
[   15.902669] Fusion MPT base driver 3.04.20
[   15.930623] Copyright (c) 1999-2008 LSI Corporation
[   15.940138] Fusion MPT SPI Host driver 3.04.20
[   15.976283] AVX version of gcm_enc/dec engaged.
[   16.019394] AES CTR mode by8 optimization enabled
[   16.020403] mptbase: ioc0: Initiating bringup
[   16.157104] ioc0: LSI53C1030 A0: Capabilities={Initiator}
[   16.191923] input: ImExPS/2 Generic Explorer Mouse as /devices/platform/i8042/serio1/input/input4
[   16.380872] scsi host2: ioc0: LSI53C1030 A0, FwRev=00000000h, Ports=1, MaxQ=256, IRQ=20
[   16.593189] scsi 2:0:0:0: Direct-Access     VBOX     HARDDISK         1.0  PQ: 0 ANSI: 5
[   16.624764] scsi target2:0:0: Beginning Domain Validation
[   16.635728] scsi target2:0:0: Domain Validation skipping write tests
[   16.666751] scsi target2:0:0: Ending Domain Validation
[   16.679143] scsi target2:0:0: asynchronous
[   16.699314] scsi 2:0:1:0: Direct-Access     VBOX     HARDDISK         1.0  PQ: 0 ANSI: 5
[   16.747680] scsi target2:0:1: Beginning Domain Validation
[   16.780934] scsi target2:0:1: Domain Validation skipping write tests
[   16.793058] scsi target2:0:1: Ending Domain Validation
[   16.816489] scsi target2:0:1: asynchronous
[   16.833545] sd 2:0:0:0: Attached scsi generic sg0 type 0
[   16.835764] sd 2:0:0:0: [sda] 20971520 512-byte logical blocks: (10.7 GB/10.0 GiB)
[   16.838014] sd 2:0:0:0: [sda] Write Protect is off
[   16.839056] sd 2:0:1:0: Attached scsi generic sg1 type 0
[   16.841469] sd 2:0:0:0: [sda] Incomplete mode parameter data
[   16.842579] sd 2:0:0:0: [sda] Assuming drive cache: write through
[   16.843815] sd 2:0:1:0: [sdb] 20480 512-byte logical blocks: (10.5 MB/10.0 MiB)
[   16.853681] sd 2:0:1:0: [sdb] Write Protect is off
[   16.872088] sd 2:0:1:0: [sdb] Incomplete mode parameter data
[   16.926829] sd 2:0:1:0: [sdb] Assuming drive cache: write through
[   16.928713]  sda: sda1
[   16.935267] sd 2:0:0:0: [sda] Attached SCSI disk
[   16.975938] sd 2:0:1:0: [sdb] Attached SCSI disk
[   17.013459] e1000 0000:00:03.0 eth0: (PCI:33MHz:32-bit) 02:d3:33:50:ae:ce
[   17.020527] e1000 0000:00:03.0 eth0: Intel(R) PRO/1000 Network Connection
[   17.185863] e1000 0000:00:03.0 enp0s3: renamed from eth0
[   18.905528] floppy0: no floppy controllers found
Begin: Loading e[   20.326892] md: linear personality registered for level -1
ssential drivers ... [   20.412838] md: multipath personality registered for level -4
[   20.438501] md: raid0 personality registered for level 0
[   20.452774] md: raid1 personality registered for level 1
[   20.536894] raid6: sse2x1   gen()  6243 MB/s
[   20.612566] raid6: sse2x1   xor()  6444 MB/s
[   20.693288] raid6: sse2x2   gen()  7472 MB/s
[   20.768808] raid6: sse2x2   xor()  6158 MB/s
[   20.844667] raid6: sse2x4   gen() 11386 MB/s
[   20.920582] raid6: sse2x4   xor()  7791 MB/s
[   20.929866] raid6: using algorithm sse2x4 gen() 11386 MB/s
[   20.932362] raid6: .... xor() 7791 MB/s, rmw enabled
[   20.957868] raid6: using ssse3x2 recovery algorithm
[   20.960361] xor: automatically using best checksumming function:
[   21.057400]    avx       : 20676.000 MB/sec
[   21.142397] async_tx: api initialized (async)
[   21.153730] md: raid6 personality registered for level 6
[   21.169026] md: raid5 personality registered for level 5
[   21.170055] md: raid4 personality registered for level 4
[   21.176155] md: raid10 personality registered for level 10
done.
Begin: Running /scripts/init-premount ... done.
Begin: Mountin[   21.246656] Btrfs loaded
g root file system ... Begin: Running /scripts/local-top ... done.
Begin: Running /scripts/local-premount ... Scanning for Btrfs filesystems
done.
Warning: fsck not present,[   21.313155] EXT4-fs (sda1): mounted filesystem with ordered data mode. Opts: (null)
 so skipping root file system
done.
Begin: Running /scripts/local-bottom ... done.
Begin: Running /scripts/init-bottom ... done.
[   21.446220] systemd[1]: systemd 229 running in system mode. (+PAM +AUDIT +SELINUX +IMA +APPARMOR +SMACK +SYSVINIT +UTMP +LIBCRYPTSETUP +GCRYPT +GNUTLS +ACL +XZ -LZ4 +SECCOMP +BLKID +ELFUTILS +KMOD -IDN)
[   21.604689] systemd[1]: Detected virtualization oracle.
[   21.695192] systemd[1]: Detected architecture x86-64.

Welcome to [1mUbuntu 16.04.3 LTS[0m!

[   21.790034] systemd[1]: Set hostname to <ubuntu>.
[   21.915291] systemd[1]: Initializing machine ID from random generator.
[   21.928209] systemd[1]: Installed transient /etc/machine-id file.
[   22.075392] systemd[1]: Reached target Encrypted Volumes.
[[0;32m  OK  [0m] Reached target Encrypted Volumes.
[   22.177554] systemd[1]: Reached target Swap.
[[0;32m  OK  [0m] Reached target Swap.
[   22.204414] systemd[1]: Listening on LVM2 metadata daemon socket.
[[0;32m  OK  [0m] Listening on LVM2 metadata daemon socket.
[   22.361413] systemd[1]: Listening on Journal Audit Socket.
[[0;32m  OK  [0m] Listening on Journal Audit Socket.
[   22.429380] systemd[1]: Listening on udev Kernel Socket.
[[0;32m  OK  [0m] Listening on udev Kernel Socket.
[   22.541174] systemd[1]: Listening on Journal Socket (/dev/log).
[[0;32m  OK  [0m] Listening on Journal Socket (/dev/log).
[   22.629865] systemd[1]: Set up automount Arbitrary Executable File Formats File System Automount Point.
[[0;32m  OK  [0m] Set up automount Arbitrary Executab...ats File System Automount Point.
[   22.720156] systemd[1]: Listening on Syslog Socket.
[[0;32m  OK  [0m] Listening on Syslog Socket.
[   22.727056] systemd[1]: Created slice System Slice.
[[0;32m  OK  [0m] Created slice System Slice.
[   22.741503] systemd[1]: Created slice system-serial\x2dgetty.slice.
[[0;32m  OK  [0m] Created slice system-serial\x2dgetty.slice.
[   22.763450] systemd[1]: Started Trigger resolvconf update for networkd DNS.
[[0;32m  OK  [0m] Started Trigger resolvconf update for networkd DNS.
[   22.767539] systemd[1]: Started Forward Password Requests to Wall Directory Watch.
[[0;32m  OK  [0m] Started Forward Password Requests to Wall Directory Watch.
[   22.770429] systemd[1]: Listening on udev Control Socket.
[[0;32m  OK  [0m] Listening on udev Control Socket.
[   22.772803] systemd[1]: Created slice User and Session Slice.
[[0;32m  OK  [0m] Created slice User and Session Slice.
[   22.774972] systemd[1]: Reached target Slices.
[[0;32m  OK  [0m] Reached target Slices.
[   22.784783] systemd[1]: Listening on /dev/initctl Compatibility Named Pipe.
[[0;32m  OK  [0m] Listening on /dev/initctl Compatibility Named Pipe.
[   22.854939] systemd[1]: Listening on Device-mapper event daemon FIFOs.
[[0;32m  OK  [0m] Listening on Device-mapper event daemon FIFOs.
[   23.013116] systemd[1]: Reached target User and Group Name Lookups.
[[0;32m  OK  [0m] Reached target User and Group Name Lookups.
[   23.099057] systemd[1]: Listening on Journal Socket.
[[0;32m  OK  [0m] Listening on Journal Socket.
[   23.165377] systemd[1]: Mounting Huge Pages File System...
         Mounting Huge Pages File System...
[   23.236859] systemd[1]: Starting Remount Root and Kernel File Systems...
         Starting Remount Root and Kernel File Systems...
[   23.256073] systemd[1]: Mounting POSIX Message Queue File System...
[   23.257863] EXT4-fs (sda1): re-mounted. Opts: (null)
         Mounting POSIX Message Queue File System...
[   23.325540] systemd[1]: Starting Load Kernel Modules...
[   23.346105] Loading iSCSI transport class v2.0-870.
         Starting Load Kernel Modules...
[   23.377686] iscsi: registered transport (tcp)
[   23.494379] systemd[1]: Starting Create list of required static device nodes for the current kernel...
         Starting Create list of[   23.532012] iscsi: registered transport (iser)
 required st... nodes for the current kernel...
[   23.608740] systemd[1]: Starting Uncomplicated firewall...
         Starting Uncomplicated firewall...
[   23.692802] systemd[1]: Starting Journal Service...
         Starting Journal Service...
[   23.706017] systemd[1]: Starting Set console keymap...
         Startin[   23.736771] random: nonblocking pool is initialized
g Set console keymap...
[   23.758594] systemd[1]: Starting Nameserver information manager...
         Starting Nameserver information manager...
[   23.792927] systemd[1]: Starting Monitoring of LVM2 mirrors, snapshots etc. using dmeventd or progress polling...
         Starting Monitoring of LVM2 mirrors... dmeventd or progress polling...
[   23.813935] systemd[1]: Mounting Debug File System...
         Mounting Debug File System...
[   23.829959] systemd[1]: Listening on LVM2 poll daemon socket.
[[0;32m  OK  [0m] Listening on LVM2 poll daemon socket.
[   23.942685] systemd[1]: Mounted POSIX Message Queue File System.
[[0;32m  OK  [0m] Mounted POSIX Message Queue File System.
[   23.981792] systemd[1]: Mounted Huge Pages File System.
[[0;32m  OK  [0m] Mounted Huge Pages File System.
[   24.006989] systemd[1]: Mounted Debug File System.
[[0;32m  OK  [0m] Mounted Debug File System.
[   24.018520] systemd[1]: Started Journal Service.
[[0;32m  OK  [0m] Started Journal Service.
[[0;32m  OK  [0m] Started Remount Root and Kernel File Systems.
[[0;32m  OK  [0m] Started Load Kernel Modules.
[[0;32m  OK  [0m] Started Create list of required sta...ce nodes for the current kernel.
[[0;32m  OK  [0m] Started Uncomplicated firewall.
[[0;32m  OK  [0m] Started Set console keymap.
[[0;32m  OK  [0m] Started Nameserver information manager.
[[0;32m  OK  [0m] Started LVM2 metadata daemon.
         Starting Create Static Device Nodes in /dev...
         Mounting FUSE Control File System...
         Starting Apply Kernel Variables...
         Starting udev Coldplug all Devices...
         Starting Initial cloud-init job (pre-networking)...
         Starting Load/Save Random Seed...
         Starting Flush Journal to Persistent Storage...
[[0;32m  OK  [0m] Mounted FUSE Control File System.
[[0;32m  OK  [0m] Started Create Static Device Nodes in /dev.
[[0;32m  OK  [0m] Started Apply Kernel Variables.
[[0;32m  OK  [0m] Started Load/Save Random Seed.
[[0;32m  OK  [0m] Started Monitoring of LVM2 mirrors,...ng dmeventd or progress polling.
[[0;32m  OK  [0m] Started udev Coldplug all Devices.
[[0;32m  OK  [0m] Started Flush Journal to Persistent Storage.
         Starting udev Kernel Device Manager...
[[0;32m  OK  [0m] Started udev Kernel Device Manager.
[[0;32m  OK  [0m] Reached target Local File Systems (Pre).
[[0;32m  OK  [0m] Reached target Local File Systems.
         Starting Commit a transient machine-id on disk...
         Starting LSB: AppArmor initialization...
         Starting Create Volatile Files and Directories...
         Starting Set console font and keymap...
         Starting Tell Plymouth To Write Out Runtime Data...
[[0;32m  OK  [0m] Started Dispatch Password Requests to Console Directory Watch.
[[0;32m  OK  [0m] Started Commit a transient machine-id on disk.
[[0;32m  OK  [0m] Started Create Volatile Files and Directories.
[[0;32m  OK  [0m] Started Tell Plymouth To Write Out Runtime Data.
[[0;32m  OK  [0m] Reached target System Time Synchronized.
         Starting Update UTMP about System Boot/Shutdown...
[[0;32m  OK  [0m] Started Update UTMP about System Boot/Shutdown.
[[0;32m  OK  [0m] Found device /dev/ttyS0.
[[0;32m  OK  [0m] Started Set console font and keymap.
[[0;32m  OK  [0m] Created slice system-getty.slice.
[[0;32m  OK  [0m] Listening on Load/Save RF Kill Switch Status /dev/rfkill Watch.
[   18.146018] cloud-init[458]: Cloud-init v. 0.7.9 running 'init-local' at Tue, 10 Oct 2017 09:40:28 +0000. Up 17.49 seconds.
[[0;32m  OK  [0m] Started LSB: AppArmor initialization.
[[0;32m  OK  [0m] Started Initial cloud-init job (pre-networking).
[[0;32m  OK  [0m] Reached target Network (Pre).
         Starting Raise network interfaces...
[[0;32m  OK  [0m] Started Raise network interfaces.
         Starting Initial cloud-init job (metadata service crawler)...
[[0;32m  OK  [0m] Reached target Network.
[   20.969103] cloud-init[934]: Cloud-init v. 0.7.9 running 'init' at Tue, 10 Oct 2017 09:40:31 +0000. Up 20.18 seconds.
[   21.008895] cloud-init[934]: ci-info: +++++++++++++++++++++++++++++++++++++Net device info++++++++++++++++++++++++++++++++++++++
[   21.045087] cloud-init[934]: ci-info: +--------+------+----------------------------+---------------+-------+-------------------+
[   21.091037] [cloud-init[0;32m  OK  [0m[934]: ] ci-info: | Device |  Up  |          Address           |      Mask     | Scope |     Hw-Address    |Started Initial cloud-init job (metadata service crawler).

[   21.091742] cloud-init[934]: ci-info: +--------+------+----------------------------+---------------+-------+-------------------+
[   21.162527] [cloud-init[0;32m  OK  [0m[934]: ] ci-info: | enp0s3 | True |         10.0.2.15          | 255.255.255.0 |   .   | 02:d3:33:50:ae:ce |Reached target System Initialization.

[   21.163141] cloud-init[934]: ci-info: | enp0s3 | True | fe80::d3:33ff:fe50:aece/64 |       .       |  link | 02:d3:33:50:ae:ce |
[   21.196893]          cloud-initStarting LXD - unix socket.[934]: 
ci-info: |   lo   | True |         127.0.0.1          |   255.0.0.0   |   .   |         .         |
[   21.210937] [cloud-init[0;32m  OK  [0m[934]: ] ci-info: |   lo   | True |          ::1/128           |       .       |  host |         .         |Listening on UUID daemon activation socket.

[   21.211495] cloud-init[934]: ci-info: +--------+------+----------------------------+---------------+-------+-------------------+
[   21.308684] [cloud-init[0;32m  OK  [0m[934]: ] ci-info: +++++++++++++++++++++++++++Route IPv4 info++++++++++++++++++++++++++++Started ACPI Events Check.

[   21.309218] [cloud-init[0;32m  OK  [0m[934]: ] ci-info: +-------+-------------+----------+---------------+-----------+-------+Reached target Paths.

[   21.380853] [cloud-init[0;32m  OK  [0m[934]: ] ci-info: | Route | Destination | Gateway  |    Genmask    | Interface | Flags |Started Timer to automatically refresh installed snaps.

[   21.501209] [cloud-init[0;32m  OK  [0m[934]: ] ci-info: +-------+-------------+----------+---------------+-----------+-------+Listening on ACPID Listen Socket.

[   21.502468] [cloud-init[0;32m  OK  [0m[934]: ] ci-info: |   0   |   0.0.0.0   | 10.0.2.2 |    0.0.0.0    |   enp0s3  |   UG  |Started Daily Cleanup of Temporary Directories.

[   21.624832] [cloud-init[0;32m  OK  [0m[934]: ] ci-info: |   1   |   10.0.2.0  | 0.0.0.0  | 255.255.255.0 |   enp0s3  |   U   |Started Timer to automatically fetch and run repair assertions.

[[0;32m  OK  [0m] Listening on D-Bus System Message Bus Socket.
[   21.625552] cloud-init[934]: ci-info: +-------+-------------+----------+---------------+-----------+-------+
[   21.714743]          cloud-initStarting Socket activation for snappy daemon.[934]: 
Generating public/private rsa key pair.
[   21.753100] [cloud-init[0;32m  OK  [0m[934]: ] Your identification has been saved in /etc/ssh/ssh_host_rsa_key.Reached target Cloud-config availability.

[[0;32m  OK  [0m] Reached target Network is Online.
[[0;32m  OK  [0m] Started Daily apt download activities.
[   21.753657] cloud-init[934]: Your public key has been saved in /etc/ssh/ssh_host_rsa_key.pub.
[   21.789209] [cloud-init[0;32m  OK  [0m[934]: ] The key fingerprint is:Started Daily apt upgrade and clean activities.

[   21.798980] cloud-init[[934]: [0;32m  OK  [0mSHA256:Cbd0EipxrcfGSdtK5Spxw14dVVsEeOBn1/qoK1RQxz8 root@ubuntu-xenial] 
Reached target Timers.
[   21.799823] cloud-init[934]: The key's randomart image is:
[   21.824800] cloud-init[934]: +---[RSA 2048]----+
[   21.844541]          cloud-initStarting iSCSI initiator daemon (iscsid)...[934]: 
|    . ...  .o=+++|
[   21.857080] [[0;32m  OK  [0m] Listening on LXD - unix socket.
[[0;32m  OK  [0m] Listening on Socket activation for snappy daemon.
cloud-init[934]: |     o .o.o.o.o +|
[   21.888376] [cloud-init[0;32m  OK  [0m[934]: ] |    . o*+*.o.oooo|Reached target Sockets.

[   21.888893] [cloud-init[0;32m  OK  [0m[934]: ] |     .o+%=+ oo E.|Reached target Basic System.

[   21.912876] cloud-init[934]: |       BS= .  . .|
[   21.918991] [cloud-init[0;32m  OK  [0m[934]: ] |      . + .    o |Started Regular background program processing daemon.

[   21.932366] cloud-init[934]: |       . .    . .|
[   21.932616] cloud-init[934]: |          .  .   |
         Starting Pollinate to seed the pseudo random number generator...
[   21.932783] cloud-init[934]: |           .o.   |
[   21.962119] cloud-init[934]: +----[SHA256]-----+
[   21.962543] cloud-init[934]: Generating public/private dsa key pair.
         Starting Accounts Service...
[   21.962716] cloud-init[934]: Your identification has been saved in /etc/ssh/ssh_host_dsa_key.
[   22.044309] cloud-init[934]: Your public key has been saved in /etc/ssh/ssh_host_dsa_key.pub.
         Starting LSB: Record successful boot for GRUB...
[   22.044684] cloud-init[934]: The key fingerprint is:
[   22.108516] cloud-init[934]: SHA256:k6MdyMl2bSceaI0GpEj+pxM37g0/zw/7BI2DWvDKl9Q root@ubuntu-xenial
[   22.108989] cloud-init[934]: The key's randomart image is:
         Starting LSB: MD monitoring daemon...
[   22.109240] cloud-init[934]: +---[DSA 1024]----+
[   22.164845] cloud-init[934]: |  .   .          |
[   22.165290] cloud-init[934]: | o . o           |
         Starting /etc/rc.local Compatibility...
[   22.165467] cloud-init[934]: |  o . o          |
[   22.196640] cloud-init[934]: |   . o * O o     |
[   22.197040] cloud-init[934]: |    o X S E o    |
[[0;32m  OK  [0m] Started FUSE filesystem for LXC.
[   22.197249] cloud-init[934]: |     O % B *     |
[   22.214691] cloud-init[934]: |    o B + o .    |
[   22.224433] cloud-init[934]: |     o =.. +     |
[   22.224825] cloud-init[934]: |      . oo+oo    |
[[0;32m  OK  [0m] Started Deferred execution scheduler.
[   22.225015] cloud-init[934]: +----[SHA256]-----+
[   22.239644] cloud-init[934]: Generating public/private ecdsa key pair.
[[0;32m  OK  [0m] Started D-Bus System Message Bus.
[   22.240455] cloud-init[934]: Your identification has been saved in /etc/ssh/ssh_host_ecdsa_key.
[   22.295511] cloud-init[934]: Your public key has been saved in /etc/ssh/ssh_host_ecdsa_key.pub.
[   22.296501] cloud-init[934]: The key fingerprint is:
         Starting System Logging Service...
[   22.296805] cloud-init[934]: SHA256:982EWDKRZ/R1EBTFxdC053tB57l6eYgTbP9IyJuElOc root@ubuntu-xenial
[   22.368335] cloud-init[934]: The key's randomart image is:
[   22.368829] cloud-init[934]: +---[ECDSA 256]---+
         Starting Apply the settings specified in cloud-config...
[   22.369050] cloud-init[934]: |          .o..*@B|
[   22.429692] cloud-init[934]: |          ..o. .*|
[   22.452764] cloud-init[934]: |          oo. .oo|
[[0;32m  OK  [0m] Started ACPI event daemon.
[   22.453195] cloud-init[934]: |           * ..o+|
[   22.525193] cloud-init[934]: |        S =.o .oo|
[   22.526472] cloud-init[934]: |         o *+=  +|
         Starting Snappy daemon...
[   22.526662] cloud-init[934]: |          ..E+++o|
[   22.590428] cloud-init[934]: |           .o+++o|
[   22.606682] cloud-init[934]: |            ooo.o|
[   22.607147] cloud-init[934]: +----[SHA256]-----+
         Starting Login Service...
[   22.607358] cloud-init[934]: Generating public/private ed25519 key pair.
[[   22.623784] cloud-init[934]: Your identification has been saved in /etc/ssh/ssh_host_ed25519_key.
[0;32m  OK  [0m] Started Unattended Upgrades Shutdown.
[   22.624630] cloud-init[934]: Your public key has been saved in /etc/ssh/ssh_host_ed25519_key.pub.
[   22.698581] cloud-init[934]: The key fingerprint is:
[   22.708418] cloud-init[934]: SHA256:DcU1c+Nq45tIFlfZcyZeGh1ObbYjGwyMGqPoaxCbApk root@ubuntu-xenial
         Starting LXD - container startup/shutdown...
[[0;32m  OK  [0m] Started System Logging Service.
[[0;32m  OK  [0m] Started Snappy daemon.
[   22.721876] cloud-init[934]: The key's randomart image is:
[   22.885223] cloud-init[934]: +--[ED25519 256]--+
[[0;32m  OK  [0m] Started iSCSI initiator daemon (iscsid).
[[0;32m  OK  [0m] Started Pollinate to seed the pseudo random number generator.
[[0;32m  OK  [0m] Started /etc/rc.local Compatibility.
[   22.927824] cloud-init[934]: |         .+.+ oo.|
[[0;32m  OK  [0m] Started LXD - container startup/shutdown.
[   23.097516] cloud-init[934]: |       o o.o =o==|
[   23.116491] cloud-init[934]: | o  . . =   o *=B|
[   23.164736] cloud-init[934]: |E. . . . o   B Oo|
[[0;32m  OK  [0m] Started LSB: MD monitoring daemon.
[[0;32m  OK  [0m] Started LSB: Record successful boot for GRUB.
[   23.207817] cloud-init[934]: |. =     S o = * .|
[   23.272645] cloud-init[934]: |.+ .       = o   |
[   23.272739] cloud-init[934]: |. . .     o .    |
[   23.272820] cloud-init[934]: |   o     o . o   |
[   23.273526] cloud-init[934]: |  .       . o    |
[   23.273830] cloud-init[934]: +----[SHA256]-----+
         Starting Authenticate and Authorize Users to Run Privileged Tasks...
         Starting OpenBSD Secure Shell server...
         Starting Login to default iSCSI targets...
         Starting Auto import assertions from block devices...
[   23.485864] cloud-init[1105]: Generating locales (this might take a while)...
[[0;32m  OK  [0m] Started OpenBSD Secure Shell server.
[[0;32m  OK  [0m] Started Auto import assertions from block devices.
[[0;32m  OK  [0m] Started Login Service.
[[0;32m  OK  [0m] Started Authenticate and Authorize Users to Run Privileged Tasks.
[[0;32m  OK  [0m] Started Accounts Service.
[[0;32m  OK  [0m] Started Login to default iSCSI targets.
[[0;32m  OK  [0m] Reached target Remote File Systems (Pre).
[[0;32m  OK  [0m] Reached target Remote File Systems.
         Starting LSB: VirtualBox Linux Additions...
         Starting LSB: daemon to balance interrupts for SMP systems...
         Starting LSB: automatic crash report generation...
         Starting Permit User Sessions...
         Starting LSB: Set the CPU Frequency Scaling governor to "ondemand"...
[[0;32m  OK  [0m] Started Permit User Sessions.
[[0;32m  OK  [0m] Started LSB: daemon to balance interrupts for SMP systems.
         Starting Hold until boot process finishes up...
         Starting Terminate Plymouth Boot Screen...
[[0;32m  OK  [0m] Started LSB: automatic crash report generation.
[[0;32m  OK  [0m] Started LSB: Set the CPU Frequency Scaling governor to "ondemand".
[[0;32m  OK  [0m] Started Hold until boot process finishes up.
[[0;32m  OK  [0m] Started LSB: VirtualBox Linux Additions.
[[0;32m  OK  [0m] Started Terminate Plymouth Boot Screen.
[[0;32m  OK  [0m] Started Getty on tty1.
         Starting Set console scheme...
[[0;32m  OK  [0m] Started Serial Getty on ttyS0.
[[0;32m  OK  [0m] Reached target Login Prompts.
[[0;32m  OK  [0m] Reached target Multi-User System.
[[0;32m  OK  [0m] Reached target Graphical Interface.
         Starting Update UTMP about System Runlevel Changes...
[[0;32m  OK  [0m] Started Set console scheme.
[[0;32m  OK  [0m] Started Update UTMP about System Runlevel Changes.
[   24.612271] cloud-init[1105]:   en_US.UTF-8... done
[   24.628690] cloud-init[1105]: Generation complete.
         Stopping OpenBSD Secure Shell server...
[[0;32m  OK  [0m] Stopped OpenBSD Secure Shell server.
         Starting OpenBSD Secure Shell server...
[[0;32m  OK  [0m] Started OpenBSD Secure Shell server.
[   25.437944] cloud-init[1105]: Cloud-init v. 0.7.9 running 'modules:config' at Tue, 10 Oct 2017 09:40:34 +0000. Up 23.10 seconds.
[[0;32m  OK  [0m] Started Apply the settings specified in cloud-config.
         Starting Execute cloud user/final scripts...
ci-info: no authorized ssh keys fingerprints found for user ubuntu.
<14>Oct 10 09:40:37 ec2: 
<14>Oct 10 09:40:37 ec2: #############################################################
<14>Oct 10 09:40:37 ec2: -----BEGIN SSH HOST KEY FINGERPRINTS-----
<14>Oct 10 09:40:37 ec2: 1024 SHA256:k6MdyMl2bSceaI0GpEj+pxM37g0/zw/7BI2DWvDKl9Q root@ubuntu-xenial (DSA)
<14>Oct 10 09:40:37 ec2: 256 SHA256:982EWDKRZ/R1EBTFxdC053tB57l6eYgTbP9IyJuElOc root@ubuntu-xenial (ECDSA)
<14>Oct 10 09:40:37 ec2: 256 SHA256:DcU1c+Nq45tIFlfZcyZeGh1ObbYjGwyMGqPoaxCbApk root@ubuntu-xenial (ED25519)
<14>Oct 10 09:40:37 ec2: 2048 SHA256:Cbd0EipxrcfGSdtK5Spxw14dVVsEeOBn1/qoK1RQxz8 root@ubuntu-xenial (RSA)
<14>Oct 10 09:40:37 ec2: -----END SSH HOST KEY FINGERPRINTS-----
<14>Oct 10 09:40:37 ec2: #############################################################
-----BEGIN SSH HOST KEY KEYS-----
ecdsa-sha2-nistp256 AAAAE2VjZHNhLXNoYTItbmlzdHAyNTYAAAAIbmlzdHAyNTYAAABBBEumB+RuwVEx5qGh2CigFUeXQRox0vG8LOCFMHoyp5dn+3fT21AtpmLrrbqbBN8PZngBmSl/TG+nuLc/BnTFZYI= root@ubuntu-xenial
ssh-ed25519 AAAAC3NzaC1lZDI1NTE5AAAAIE0YpWmlQZagijgRWeGgLm1zgGx2cvvha7LYjgJCiJC/ root@ubuntu-xenial
ssh-rsa AAAAB3NzaC1yc2EAAAADAQABAAABAQCeLSNIabRW7hrf+V/f78orDEp3zEUkcuXZl2FNmApVxNr3gIWRLQsmPXDIApyNIqsYjJqWl9dkieOZkvJtE0+gDHNp4r4mahSHyFIIYMTra6qdadEJsbR9vWjRGN6eOIK7A80HTX8NXXe4tT98aEi/zb0IUr6sStHZGLLtu3vOB3aoM5M7azZuEj1GSKEkOj46tGrjwWD3TUrQIdacaDzE69CCps4hnb4M5GVv+yoxruDbAG1X/WLkDOQGwFaG9S99leW+BpnqkYFkvMgt1MhmDcHC3Fynsks9lprB+3zHd8rFDwOW9ZZcCW0r1c3rriA+kwa7MZIvw7aIrNc0Aqax root@ubuntu-xenial
-----END SSH HOST KEY KEYS-----
[   27.113331] cloud-init[1308]: Cloud-init v. 0.7.9 running 'modules:final' at Tue, 10 Oct 2017 09:40:37 +0000. Up 26.37 seconds.
[   27.168218] cloud-init[1308]: ci-info: no authorized ssh keys fingerprints found for user ubuntu.
[   27.236677] cloud-init[1308]: Cloud-init v. 0.7.9 finished at Tue, 10 Oct 2017 09:40:38 +0000. Datasource DataSourceNoCloud [seed=/dev/sdb][dsmode=net].  Up 27.09 seconds
[[0;32m  OK  [0m] Started Execute cloud user/final scripts.
[[0;32m  OK  [0m] Reached target Cloud-init target.

Ubuntu 16.04.3 LTS ubuntu-xenial ttyS0

ubuntu-xenial login: 